# JRE version: Java(TM) SE Runtime Environment (21.0.11+9) (build 21.0.11+9-LTS-211)
# Java VM: Java HotSpot(TM) 64-Bit Server VM (21.0.11+9-LTS-211, mixed mode, emulated-client, sharing, tiered, compressed oops, compressed class ptrs, g1 gc, windows-amd64)
GC Precious Log:
 CardTable entry size: 512
 Card Set container configuration: InlinePtr #cards 5 size 8 Array Of Cards #cards 12 size 40 Howl #buckets 4 coarsen threshold 1843 Howl Bitmap #cards 512 size 80 coarsen threshold 460 Card regions per heap region 1 cards per card region 2048
 CPUs: 8 total, 8 available
 Memory: 8051M
 Large Page Support: Disabled
 NUMA Support: Disabled
 Compressed Oops: Enabled (32-bit)
 Heap Region Size: 1M
 Heap Min Capacity: 8M
 Heap Initial Capacity: 126M
 Heap Max Capacity: 2014M
 Pre-touch: Disabled
 Parallel Workers: 8
 Concurrent Workers: 2
 Concurrent Refinement Workers: 8
 Periodic GC: Disabled
Heap:
 garbage-first heap   total 129024K, used 40964K [0x0000000082200000, 0x0000000100000000)
  region size 1024K, 1 young (1024K), 1 survivors (1024K)
 Metaspace       used 66410K, committed 68096K, reserved 1114112K
  class space    used 9309K, committed 9984K, reserved 1048576K
GC Heap History (20 events):
Event: 14398.749 GC heap after
{Heap after GC invocations=33 (full 0):
 garbage-first heap   total 89088K, used 42139K [0x0000000082200000, 0x0000000100000000)
  region size 1024K, 1 young (1024K), 1 survivors (1024K)
 Metaspace       used 66438K, committed 68096K, reserved 1114112K
  class space    used 9314K, committed 9984K, reserved 1048576K
}
Event: 65189.847 GC heap before
{Heap before GC invocations=33 (full 0):
 garbage-first heap   total 89088K, used 45211K [0x0000000082200000, 0x0000000100000000)
  region size 1024K, 4 young (4096K), 1 survivors (1024K)
 Metaspace       used 66451K, committed 68096K, reserved 1114112K
  class space    used 9318K, committed 9984K, reserved 1048576K
}
Event: 65194.672 GC heap after
{Heap after GC invocations=34 (full 0):
 garbage-first heap   total 89088K, used 42089K [0x0000000082200000, 0x0000000100000000)
  region size 1024K, 1 young (1024K), 1 survivors (1024K)
 Metaspace       used 66451K, committed 68096K, reserved 1114112K
  class space    used 9318K, committed 9984K, reserved 1048576K
}
Event: 65203.383 GC heap before
{Heap before GC invocations=34 (full 0):
 garbage-first heap   total 89088K, used 45161K [0x0000000082200000, 0x0000000100000000)
  region size 1024K, 4 young (4096K), 1 survivors (1024K)
 Metaspace       used 66451K, committed 68096K, reserved 1114112K
  class space    used 9318K, committed 9984K, reserved 1048576K
}
Event: 65203.954 GC heap after
{Heap after GC invocations=35 (full 0):
 garbage-first heap   total 89088K, used 41924K [0x0000000082200000, 0x0000000100000000)
  region size 1024K, 1 young (1024K), 1 survivors (1024K)
 Metaspace       used 66451K, committed 68096K, reserved 1114112K
  class space    used 9318K, committed 9984K, reserved 1048576K
}
Event: 65276.390 GC heap before
{Heap before GC invocations=35 (full 0):
 garbage-first heap   total 89088K, used 43972K [0x0000000082200000, 0x0000000100000000)
  region size 1024K, 4 young (4096K), 1 survivors (1024K)
 Metaspace       used 66466K, committed 68096K, reserved 1114112K
  class space    used 9322K, committed 9984K, reserved 1048576K
}
Event: 65276.755 GC heap after
{Heap after GC invocations=36 (full 0):
 garbage-first heap   total 89088K, used 42498K [0x0000000082200000, 0x0000000100000000)
  region size 1024K, 1 young (1024K), 1 survivors (1024K)
 Metaspace       used 66466K, committed 68096K, reserved 1114112K
  class space    used 9322K, committed 9984K, reserved 1048576K
}
Event: 65372.718 GC heap before
{Heap before GC invocations=36 (full 0):
 garbage-first heap   total 89088K, used 45570K [0x0000000082200000, 0x0000000100000000)
  region size 1024K, 4 young (4096K), 1 survivors (1024K)
 Metaspace       used 66354K, committed 68096K, reserved 1114112K
  class space    used 9296K, committed 9984K, reserved 1048576K
}
Event: 65373.004 GC heap after
{Heap after GC invocations=37 (full 0):
 garbage-first heap   total 89088K, used 42570K [0x0000000082200000, 0x0000000100000000)
  region size 1024K, 1 young (1024K), 1 survivors (1024K)
 Metaspace       used 66354K, committed 68096K, reserved 1114112K
  class space    used 9296K, committed 9984K, reserved 1048576K
}
Event: 65487.622 GC heap before
{Heap before GC invocations=38 (full 0):
 garbage-first heap   total 89088K, used 45642K [0x0000000082200000, 0x0000000100000000)
  region size 1024K, 4 young (4096K), 1 survivors (1024K)
 Metaspace       used 66354K, committed 68096K, reserved 1114112K
  class space    used 9296K, committed 9984K, reserved 1048576K
}
Event: 65491.568 GC heap after
{Heap after GC invocations=39 (full 0):
 garbage-first heap   total 89088K, used 42475K [0x0000000082200000, 0x0000000100000000)
  region size 1024K, 1 young (1024K), 1 survivors (1024K)
 Metaspace       used 66354K, committed 68096K, reserved 1114112K
  class space    used 9296K, committed 9984K, reserved 1048576K
}
Event: 65579.608 GC heap before
{Heap before GC invocations=39 (full 0):
 garbage-first heap   total 89088K, used 45547K [0x0000000082200000, 0x0000000100000000)
  region size 1024K, 4 young (4096K), 1 survivors (1024K)
 Metaspace       used 66410K, committed 68096K, reserved 1114112K
  class space    used 9309K, committed 9984K, reserved 1048576K
}
Event: 65579.643 GC heap after
{Heap after GC invocations=40 (full 0):
 garbage-first heap   total 89088K, used 41879K [0x0000000082200000, 0x0000000100000000)
  region size 1024K, 1 young (1024K), 1 survivors (1024K)
 Metaspace       used 66410K, committed 68096K, reserved 1114112K
  class space    used 9309K, committed 9984K, reserved 1048576K
}
Event: 65701.157 GC heap before
{Heap before GC invocations=40 (full 0):
 garbage-first heap   total 89088K, used 44951K [0x0000000082200000, 0x0000000100000000)
  region size 1024K, 4 young (4096K), 1 survivors (1024K)
 Metaspace       used 66410K, committed 68096K, reserved 1114112K
  class space    used 9309K, committed 9984K, reserved 1048576K
}
Event: 65701.538 GC heap after
{Heap after GC invocations=41 (full 0):
 garbage-first heap   total 89088K, used 41414K [0x0000000082200000, 0x0000000100000000)
  region size 1024K, 1 young (1024K), 1 survivors (1024K)
 Metaspace       used 66410K, committed 68096K, reserved 1114112K
  class space    used 9309K, committed 9984K, reserved 1048576K
}
Event: 65822.622 GC heap before
{Heap before GC invocations=41 (full 0):
 garbage-first heap   total 89088K, used 44486K [0x0000000082200000, 0x0000000100000000)
  region size 1024K, 4 young (4096K), 1 survivors (1024K)
 Metaspace       used 66410K, committed 68096K, reserved 1114112K
  class space    used 9309K, committed 9984K, reserved 1048576K
}
Event: 65822.799 GC heap after
{Heap after GC invocations=42 (full 0):
 garbage-first heap   total 89088K, used 41232K [0x0000000082200000, 0x0000000100000000)
  region size 1024K, 1 young (1024K), 1 survivors (1024K)
 Metaspace       used 66410K, committed 68096K, reserved 1114112K
  class space    used 9309K, committed 9984K, reserved 1048576K
}
Event: 65929.584 GC heap before
{Heap before GC invocations=42 (full 0):
 garbage-first heap   total 89088K, used 44304K [0x0000000082200000, 0x0000000100000000)
  region size 1024K, 4 young (4096K), 1 survivors (1024K)
 Metaspace       used 66410K, committed 68096K, reserved 1114112K
  class space    used 9309K, committed 9984K, reserved 1048576K
}
Event: 65930.792 GC heap after
{Heap after GC invocations=43 (full 0):
 garbage-first heap   total 89088K, used 41153K [0x0000000082200000, 0x0000000100000000)
  region size 1024K, 1 young (1024K), 1 survivors (1024K)
 Metaspace       used 66410K, committed 68096K, reserved 1114112K
  class space    used 9309K, committed 9984K, reserved 1048576K
}
Event: 66059.429 GC heap before
{Heap before GC invocations=43 (full 0):
 garbage-first heap   total 89088K, used 44225K [0x0000000082200000, 0x0000000100000000)
  region size 1024K, 4 young (4096K), 1 survivors (1024K)
 Metaspace       used 66410K, committed 68096K, reserved 1114112K
  class space    used 9309K, committed 9984K, reserved 1048576K
}

